GET /about - Fri Dec 15 2017 22:16:14 GMT+0200 (EET)
GET /home - Fri Dec 15 2017 22:16:17 GMT+0200 (EET)
GET /index - Fri Dec 15 2017 22:16:21 GMT+0200 (EET)
GET / - Fri Dec 15 2017 22:16:24 GMT+0200 (EET)
GET /about - Fri Dec 15 2017 22:16:25 GMT+0200 (EET)
GET /about - Fri Dec 15 2017 22:18:55 GMT+0200 (EET)
GET / - Fri Dec 15 2017 22:19:16 GMT+0200 (EET)
GET / - Fri Dec 15 2017 22:19:23 GMT+0200 (EET)
GET / - Fri Dec 15 2017 22:19:51 GMT+0200 (EET)
GET /home.html - Fri Dec 15 2017 22:19:55 GMT+0200 (EET)
GET /home.html - Fri Dec 15 2017 22:30:08 GMT+0200 (EET)
GET / - Fri Dec 15 2017 22:30:12 GMT+0200 (EET)
GET / - Fri Dec 15 2017 22:30:33 GMT+0200 (EET)
GET /about - Fri Dec 15 2017 22:30:35 GMT+0200 (EET)
GET /about - Fri Dec 15 2017 22:31:39 GMT+0200 (EET)
GET /about - Fri Dec 15 2017 22:31:40 GMT+0200 (EET)
GET /about - Fri Dec 15 2017 22:38:09 GMT+0200 (EET)
GET /projects - Fri Dec 15 2017 22:38:10 GMT+0200 (EET)
GET / - Fri Dec 15 2017 22:38:15 GMT+0200 (EET)
GET / - Mon Dec 18 2017 23:29:32 GMT+0200 (EET)
GET /favicon.ico - Mon Dec 18 2017 23:29:32 GMT+0200 (EET)
GET /projects - Mon Dec 18 2017 23:29:34 GMT+0200 (EET)
GET /about - Mon Dec 18 2017 23:29:35 GMT+0200 (EET)
GET / - Mon Dec 18 2017 23:29:37 GMT+0200 (EET)
